<?xml version="1.0" encoding="UTF-8"?>
<!-- Generated by org.testng.reporters.JUnitReportReporter -->
<testsuite skipped="0" hostname="DESKTOP-T5QLAAF" name="Jenkins.Jenkins" tests="1" failures="0" timestamp="14 Jan 2018 00:12:14 GMT" time="21.120" errors="0">
  <testcase name="testJenkins" time="21.120" classname="Jenkins.Jenkins"/>
</testsuite> <!-- Jenkins.Jenkins -->
