<?xml version="1.0" encoding="UTF-8"?>
<!-- Generated by org.testng.reporters.JUnitReportReporter -->
<testsuite hostname="DESKTOP-T5QLAAF" name="Jenkins.Jenkins" tests="1" failures="0" timestamp="14 Jan 2018 00:47:30 GMT" time="22.032" errors="0">
  <testcase name="testJenkins" time="22.032" classname="Jenkins.Jenkins"/>
</testsuite> <!-- Jenkins.Jenkins -->
